mktextfm IranNastaliq/OT
mktextfm IranNastaliq/OT
mktextfm IranNastaliq/OT
mktextfm IranNastaliq/BI/OT
mktextfm IranNastaliq/OT
mktextfm IranNastaliq/B/OT
mktextfm IranNastaliq/OT
mktextfm IranNastaliq/I/OT
mktextfm IranNastaliq/OT
mktextfm IranNastaliq/OT
mktextfm IranNastaliq/OT
mktextfm IranNastaliq/OT
mktextfm IranNastaliq/OT
mktextfm IranNastaliq/OT
mktextfm IranNastaliq/OT
mktextfm IranNastaliq/BI/OT
mktextfm IranNastaliq/OT
mktextfm IranNastaliq/B/OT
mktextfm IranNastaliq/OT
mktextfm IranNastaliq/I/OT
mktextfm IranNastaliq/OT
mktextfm IranNastaliq/OT
mktextfm IranNastaliq/OT
mktextfm IranNastaliq/OT
mktextfm IranNastaliq/OT
mktextfm IranNastaliq/OT
mktextfm IranNastaliq/OT
mktextfm IranNastaliq/BI/OT
mktextfm IranNastaliq/OT
mktextfm IranNastaliq/B/OT
mktextfm IranNastaliq/OT
mktextfm IranNastaliq/I/OT
mktextfm IranNastaliq/OT
mktextfm IranNastaliq/OT
mktextfm IranNastaliq/OT
mktextfm IranNastaliq/OT
mktextfm IranNastaliq/OT
mktextfm IranNastaliq/OT
mktextfm IranNastaliq/OT
mktextfm IranNastaliq/BI/OT
mktextfm IranNastaliq/OT
mktextfm IranNastaliq/B/OT
mktextfm IranNastaliq/OT
mktextfm IranNastaliq/I/OT
mktextfm IranNastaliq/OT
mktextfm IranNastaliq/OT
mktextfm IranNastaliq/OT
mktextfm IranNastaliq/OT
mktextfm IranNastaliq/OT
mktextfm IranNastaliq/OT
mktextfm IranNastaliq/OT
mktextfm IranNastaliq/BI/OT
mktextfm IranNastaliq/OT
mktextfm IranNastaliq/B/OT
mktextfm IranNastaliq/OT
mktextfm IranNastaliq/I/OT
mktextfm IranNastaliq/OT
mktextfm IranNastaliq/OT
mktextfm IranNastaliq/OT
mktextfm IranNastaliq/OT
mktextfm IranNastaliq/OT
mktextfm IranNastaliq/OT
mktextfm IranNastaliq/OT
mktextfm IranNastaliq/BI/OT
mktextfm IranNastaliq/OT
mktextfm IranNastaliq/B/OT
mktextfm IranNastaliq/OT
mktextfm IranNastaliq/I/OT
mktextfm IranNastaliq/OT
mktextfm IranNastaliq/OT
mktextfm IranNastaliq/OT
mktextfm IranNastaliq/OT
mktextfm IranNastaliq/OT
mktextfm IranNastaliq/OT
mktextfm IranNastaliq/OT
mktextfm IranNastaliq/BI/OT
mktextfm IranNastaliq/OT
mktextfm IranNastaliq/B/OT
mktextfm IranNastaliq/OT
mktextfm IranNastaliq/I/OT
mktextfm IranNastaliq/OT
mktextfm IranNastaliq/OT
mktextfm IranNastaliq/OT
mktextfm IranNastaliq/OT
mktextfm IranNastaliq/OT
mktextfm IranNastaliq/OT
mktextfm IranNastaliq/OT
mktextfm IranNastaliq/BI/OT
mktextfm IranNastaliq/OT
mktextfm IranNastaliq/B/OT
mktextfm IranNastaliq/OT
mktextfm IranNastaliq/I/OT
mktextfm IranNastaliq/OT
mktextfm IranNastaliq/OT
mktextfm IranNastaliq/OT
mktextfm IranNastaliq/OT
mktextfm IranNastaliq/OT
mktextfm IranNastaliq/OT
mktextfm IranNastaliq/OT
mktextfm IranNastaliq/BI/OT
mktextfm IranNastaliq/OT
mktextfm IranNastaliq/B/OT
mktextfm IranNastaliq/OT
mktextfm IranNastaliq/I/OT
mktextfm IranNastaliq/OT
mktextfm IranNastaliq/OT
mktextfm IranNastaliq/OT
mktextfm IranNastaliq/OT
mktextfm IranNastaliq/OT
mktextfm IranNastaliq/OT
mktextfm IranNastaliq/OT
mktextfm IranNastaliq/BI/OT
mktextfm IranNastaliq/OT
mktextfm IranNastaliq/B/OT
mktextfm IranNastaliq/OT
mktextfm IranNastaliq/I/OT
mktextfm IranNastaliq/OT
mktextfm IranNastaliq/OT
mktextfm IranNastaliq/OT
mktextfm IranNastaliq/OT
mktextfm IranNastaliq/OT
mktextfm IranNastaliq/OT
mktextfm IranNastaliq/OT
mktextfm IranNastaliq/BI/OT
mktextfm IranNastaliq/OT
mktextfm IranNastaliq/B/OT
mktextfm IranNastaliq/OT
mktextfm IranNastaliq/I/OT
mktextfm IranNastaliq/OT
mktextfm IranNastaliq/OT
mktextfm IranNastaliq/OT
mktextfm IranNastaliq/OT
mktextfm IranNastaliq/OT
mktextfm IranNastaliq/OT
mktextfm IranNastaliq/OT
mktextfm IranNastaliq/BI/OT
mktextfm IranNastaliq/OT
mktextfm IranNastaliq/B/OT
mktextfm IranNastaliq/OT
mktextfm IranNastaliq/I/OT
mktextfm IranNastaliq/OT
mktextfm IranNastaliq/OT
mktextfm IranNastaliq/OT
mktextfm IranNastaliq/OT
mktextfm IranNastaliq/OT
mktextfm IranNastaliq/OT
mktextfm IranNastaliq/OT
mktextfm IranNastaliq/BI/OT
mktextfm IranNastaliq/OT
mktextfm IranNastaliq/B/OT
mktextfm IranNastaliq/OT
mktextfm IranNastaliq/I/OT
mktextfm IranNastaliq/OT
mktextfm IranNastaliq/OT
mktextfm IranNastaliq/OT
mktextfm IranNastaliq/OT
mktextfm IranNastaliq
mktextfm IranNastaliq
mktextfm IranNastaliq
mktextfm IranNastaliq/BI
mktextfm IranNastaliq
mktextfm IranNastaliq/B
mktextfm IranNastaliq
mktextfm IranNastaliq/I
mktextfm IranNastaliq
mktextfm IranNastaliq
mktextfm IranNastaliq
mktextfm IranNastaliq
