\BOOKMARK [0][-]{chapter.1}{\376\377\006\251\006\104\006\314\006\047\006\052\000\040\006\176\006\230\006\110\006\107\006\064}{}% 1
\BOOKMARK [1][-]{section.1.1}{\376\377\006\105\006\102\006\057\006\105\006\107\000\040\006\110\000\040\006\050\006\314\006\047\006\106\000\040\006\105\006\063\006\046\006\104\006\107}{chapter.1}% 2
\BOOKMARK [2][-]{subsection.1.1.1}{\376\377\006\067\006\061\006\047\006\055\006\314\000\040\006\057\006\063\006\052\006\314\000\040\006\047\006\071\006\104\006\047\006\106}{section.1.1}% 3
\BOOKMARK [2][-]{subsection.1.1.2}{\376\377\006\061\006\110\006\064\006\107\006\047\006\314\000\040\006\050\006\107\006\314\006\106\006\107\006\063\006\047\006\062\006\314\000\040\006\047\006\071\006\104\006\047\006\106\000\040\006\110\000\040\006\056\006\110\006\057\006\251\006\047\006\061\006\063\006\047\006\062\006\314\000\040\006\105\006\107\006\106\006\057\006\063\006\314\000\040\006\047\006\071\006\104\006\047\006\106}{section.1.1}% 4
\BOOKMARK [2][-]{subsection.1.1.3}{\376\377\006\105\006\054\006\105\006\110\006\071\006\107\000\040\006\057\006\047\006\057\006\107\006\107\006\047\006\314\000\040\006\105\006\061\006\050\006\110\006\067\006\107}{section.1.1}% 5
\BOOKMARK [1][-]{section.1.2}{\376\377\000\040\006\066\006\061\006\110\006\061\006\052\000\040\006\052\006\055\006\102\006\314\006\102\000\040\006\110\000\040\006\047\006\107\006\057\006\047\006\101}{chapter.1}% 6
\BOOKMARK [1][-]{section.1.3}{\376\377\006\063\006\047\006\062\006\105\006\047\006\106\006\057\006\107\006\314\000\040\006\176\006\047\006\314\006\047\006\106\000\040\006\106\006\047\006\105\006\107}{chapter.1}% 7
\BOOKMARK [0][-]{chapter.2}{\376\377\006\176\006\314\006\064\006\314\006\106\006\107\000\040\006\052\006\055\006\102\006\314\006\102\000\040\006\110\000\040\006\105\006\101\006\047\006\107\006\314\006\105\000\040\006\176\006\047\006\314\006\107}{}% 8
\BOOKMARK [1][-]{section.2.1}{\376\377\006\105\006\102\006\057\006\105\006\107}{chapter.2}% 9
\BOOKMARK [1][-]{section.2.2}{\376\377\006\050\006\061\006\061\006\063\006\314\000\040\006\105\006\057\006\104\040\014\006\107\006\047\006\314\000\040\006\062\006\050\006\047\006\106\006\314\000\040\006\050\006\062\006\061\006\257}{chapter.2}% 10
\BOOKMARK [2][-]{subsection.2.2.1}{\376\377\006\052\006\047\006\061\006\314\006\056\006\206\006\107\000\040\006\110\000\040\006\052\006\251\006\047\006\105\006\104\000\040\006\105\006\057\006\104\040\014\006\107\006\047}{section.2.2}% 11
\BOOKMARK [2][-]{subsection.2.2.2}{\376\377\006\105\006\071\006\105\006\047\006\061\006\314\040\014\006\107\006\047\000\040\006\110\000\040\006\251\006\047\006\061\006\050\006\061\006\057\006\107\006\047\006\314\000\040\006\047\006\065\006\104\006\314}{section.2.2}% 12
\BOOKMARK [2][-]{subsection.2.2.3}{\376\377\006\105\006\057\006\104\000\040\006\050\006\062\006\061\006\257\000\040\006\062\006\050\006\047\006\106\006\314\000\040\000M\000i\000s\000t\000r\000a\000l}{section.2.2}% 13
\BOOKMARK [1][-]{section.2.3}{\376\377\006\105\006\107\006\106\006\057\006\063\006\314\000\040\006\047\006\071\006\104\006\047\006\106}{chapter.2}% 14
\BOOKMARK [1][-]{section.2.4}{\376\377\006\061\006\110\006\064\040\014\006\107\006\047\006\314\000\040\006\057\006\063\006\052\006\314\000\040\006\057\006\061\000\040\006\105\006\107\006\106\006\057\006\063\006\314\000\040\006\047\006\071\006\104\006\047\006\106}{chapter.2}% 15
\BOOKMARK [2][-]{subsection.2.4.1}{\376\377\006\314\006\047\006\057\006\257\006\314\006\061\006\314\000\040\006\057\006\061\006\110\006\106\000\040\006\105\006\052\006\106\006\314}{section.2.4}% 16
\BOOKMARK [2][-]{subsection.2.4.2}{\376\377\006\061\006\110\006\064\000\040\006\062\006\106\006\054\006\314\006\061\006\107\000\040\006\052\006\101\006\251\006\061}{section.2.4}% 17
\BOOKMARK [2][-]{subsection.2.4.3}{\376\377\006\061\006\110\006\064\000\040\006\047\006\063\006\052\006\057\006\104\006\047\006\104\000\040\006\050\006\057\006\110\006\106\000\040\006\057\006\314\006\057\006\106\000\040\006\106\006\105\006\110\006\106\006\107\000\040\006\042\006\105\006\110\006\062\006\064\006\314}{section.2.4}% 18
\BOOKMARK [2][-]{subsection.2.4.4}{\376\377\006\061\006\110\006\064\000\040\006\050\006\061\006\106\006\047\006\105\006\107\000\040\006\052\006\101\006\251\006\061}{section.2.4}% 19
\BOOKMARK [2][-]{subsection.2.4.5}{\376\377\006\061\006\110\006\064\000\040\006\050\006\107\006\314\006\106\006\107\000\040\006\063\006\047\006\062\006\314\000\040\006\050\006\047\000\040\006\047\006\071\006\104\006\047\006\106}{section.2.4}% 20
\BOOKMARK [2][-]{subsection.2.4.6}{\376\377\006\061\006\110\006\064\000\040\006\050\006\061\006\106\006\047\006\105\006\107\006\061\006\314\006\062\006\314\000\040\006\110\000\040\006\055\006\104}{section.2.4}% 21
\BOOKMARK [1][-]{section.2.5}{\376\377\006\050\006\107\006\314\006\106\006\107\040\014\006\063\006\047\006\062\006\314\000\040\006\056\006\110\006\057\006\251\006\047\006\061\000\040\006\047\006\071\006\104\006\047\006\106\040\014\006\107\006\047}{chapter.2}% 22
\BOOKMARK [2][-]{subsection.2.5.1}{\376\377\006\061\006\110\006\064\000\040\006\062\006\106\006\054\006\314\006\061\006\107\000\040\006\052\006\101\006\251\006\061\000\040\006\056\006\110\006\057\006\251\006\047\006\061}{section.2.5}% 23
\BOOKMARK [2][-]{subsection.2.5.2}{\376\377\006\061\006\110\006\064\000\040\006\105\006\107\006\106\006\057\006\063\000\040\006\047\006\071\006\104\006\047\006\106\000\040\006\056\006\110\006\057\006\251\006\047\006\061}{section.2.5}% 24
\BOOKMARK [2][-]{subsection.2.5.3}{\376\377\006\061\006\110\006\064\000\040\006\105\006\110\006\104\006\057\000\040\006\047\006\071\006\104\006\047\006\106}{section.2.5}% 25
\BOOKMARK [1][-]{section.2.6}{\376\377\006\054\006\105\006\071\040\014\006\050\006\106\006\057\006\314\000\040\006\105\006\050\006\047\006\055\006\053\000\040\006\047\006\061\006\047\006\046\006\107\040\014\006\064\006\057\006\107}{chapter.2}% 26
\BOOKMARK [0][-]{chapter.3}{\376\377\006\061\006\110\006\064\040\014\006\107\006\047\006\314\000\040\006\176\006\314\006\064\006\106\006\107\006\047\006\057\006\314}{}% 27
\BOOKMARK [1][-]{section.3.1}{\376\377\006\105\006\102\006\057\006\105\006\107}{chapter.3}% 28
\BOOKMARK [1][-]{section.3.2}{\376\377\006\061\006\110\006\064\000\040\006\105\006\110\006\104\006\057\000\040\006\047\006\071\006\104\006\047\006\106\000\040\006\063\006\047\006\057\006\107}{chapter.3}% 29
\BOOKMARK [2][-]{subsection.3.2.1}{\376\377\006\106\006\105\006\110\006\106\006\107\040\014\006\257\006\314\006\061\006\314}{section.3.2}% 30
\BOOKMARK [2][-]{subsection.3.2.2}{\376\377\006\047\006\106\006\052\006\056\006\047\006\050}{section.3.2}% 31
\BOOKMARK [2][-]{subsection.3.2.3}{\376\377\006\047\006\061\006\062\006\314\006\047\006\050\006\314}{section.3.2}% 32
\BOOKMARK [0][-]{chapter.4}{\376\377\006\106\006\052\006\047\006\314\006\054\000\040\006\110\000\040\006\050\006\055\006\053}{}% 33
\BOOKMARK [1][-]{section.4.1}{\376\377\006\105\006\054\006\105\006\110\006\071\006\107\000\040\006\057\006\047\006\057\006\107\000\040\006\107\006\047\006\314\000\040\006\105\006\110\006\061\006\057\000\040\006\047\006\063\006\052\006\101\006\047\006\057\006\107}{chapter.4}% 34
\BOOKMARK [1][-]{section.4.2}{\376\377\006\105\006\052\006\072\006\314\006\061\006\107\006\047\006\314\000\040\006\061\006\110\006\064\000\040\006\105\006\110\006\104\006\057\000\040\006\047\006\071\006\104\006\047\006\106\000\040\006\063\006\047\006\057\006\107}{chapter.4}% 35
\BOOKMARK [1][-]{section.4.3}{\376\377\006\061\006\110\006\064\000\040\006\107\006\047\006\314\000\040\006\105\006\061\006\054\006\071}{chapter.4}% 36
\BOOKMARK [1][-]{section.4.4}{\376\377\006\106\006\105\006\047\006\314\006\064\000\040\006\057\006\110\006\050\006\071\006\057\006\314\000\040\006\047\006\071\006\104\006\047\006\106\000\040\006\107\006\047}{chapter.4}% 37
\BOOKMARK [1][-]{section.4.5}{\376\377\006\106\006\052\006\047\006\314\006\054}{chapter.4}% 38
\BOOKMARK [1][-]{section.4.6}{\376\377\006\063\006\061\006\050\006\047\006\061\000\040\006\105\006\055\006\047\006\063\006\050\006\047\006\052\006\314}{chapter.4}% 39
\BOOKMARK [1][-]{section.4.7}{\376\377\006\056\006\061\006\110\006\054\006\314\000\040\006\107\006\047}{chapter.4}% 40
\BOOKMARK [0][-]{chapter.5}{\376\377\006\106\006\052\006\314\006\054\006\107\000\040\006\257\006\314\006\061\006\314\000\040\006\110\000\040\006\176\006\314\006\064\006\106\006\107\006\047\006\057\006\047\006\052\000\040\006\042\006\052\006\314}{}% 41
\BOOKMARK [1][-]{section.5.1}{\376\377\006\106\006\052\006\314\006\054\006\107\040\014\006\257\006\314\006\061\006\314}{chapter.5}% 42
\BOOKMARK [1][-]{section.5.2}{\376\377\006\176\006\314\006\064\006\106\006\107\006\047\006\057\006\047\006\052\000\040\006\042\006\052\006\314}{chapter.5}% 43
\BOOKMARK [0][-]{chapter*.21}{\376\377\006\176\006\314\006\110\006\063\006\052}{}% 44
\BOOKMARK [0][-]{appendix*.23}{\376\377\006\052\006\110\006\066\006\314\006\055\006\047\006\052\000\040\006\052\006\251\006\105\006\314\006\104\006\314}{}% 45
\BOOKMARK [1][-]{section*.24}{\376\377\006\105\006\102\006\057\006\105\006\107}{appendix*.23}% 46
\BOOKMARK [1][-]{section*.24}{\376\377\006\047\006\071\006\104\006\047\006\106\000\040\006\107\006\047\006\314\000\040\006\057\006\063\006\052\006\110\006\061\006\314\000\040\006\050\006\061\006\047\006\314\000\040\006\106\006\105\006\110\006\106\006\107\006\257\006\314\006\061\006\314\000\040\006\061\006\110\006\064\000\040\006\105\006\110\006\104\006\057\000\040\006\047\006\071\006\104\006\047\006\106\000\040\006\063\006\047\006\057\006\107}{appendix*.23}% 47
\BOOKMARK [1][-]{Item.39}{\376\377\006\047\006\061\006\062\006\314\006\047\006\050\006\314}{appendix*.23}% 48
\BOOKMARK [1][-]{Item.42}{\376\377\006\063\006\047\006\314\006\061\000\040\006\061\006\110\006\064\000\040\006\107\006\047}{appendix*.23}% 49
